  [1m[35m (192.0ms)[0m  [1m[35mCREATE DATABASE "polls_app_development" ENCODING = 'unicode'[0m
  ↳ bin/rails:9
  [1m[35m (84.8ms)[0m  [1m[35mCREATE DATABASE "polls_app_test" ENCODING = 'unicode'[0m
  ↳ bin/rails:9
  [1m[35m (1.3ms)[0m  [1m[35mCREATE DATABASE "polls_app_development" ENCODING = 'unicode'[0m
  ↳ bin/rails:9
  [1m[35m (0.6ms)[0m  [1m[35mCREATE DATABASE "polls_app_test" ENCODING = 'unicode'[0m
  ↳ bin/rails:9
  [1m[35m (20.8ms)[0m  [1m[35mCREATE TABLE "schema_migrations" ("version" character varying NOT NULL PRIMARY KEY)[0m
  ↳ bin/rails:9
  [1m[35m (3.6ms)[0m  [1m[35mCREATE TABLE "ar_internal_metadata" ("key" character varying NOT NULL PRIMARY KEY, "value" character varying, "created_at" timestamp NOT NULL, "updated_at" timestamp NOT NULL)[0m
  ↳ bin/rails:9
  [1m[35m (0.5ms)[0m  [1m[34mSELECT pg_try_advisory_lock(4042686100896465855)[0m
  ↳ bin/rails:9
  [1m[35m (0.7ms)[0m  [1m[34mSELECT "schema_migrations"."version" FROM "schema_migrations" ORDER BY "schema_migrations"."version" ASC[0m
  ↳ bin/rails:9
Migrating to CreateUsers (20200227220115)
  [1m[35m (0.2ms)[0m  [1m[35mBEGIN[0m
  ↳ bin/rails:9
  [1m[35m (6.4ms)[0m  [1m[35mCREATE TABLE "users" ("id" bigserial primary key, "username" character varying NOT NULL, "created_at" timestamp NOT NULL, "updated_at" timestamp NOT NULL)[0m
  ↳ db/migrate/20200227220115_create_users.rb:3
  [1m[35m (1.3ms)[0m  [1m[35mCREATE UNIQUE INDEX  "index_users_on_username" ON "users"  ("username")[0m
  ↳ db/migrate/20200227220115_create_users.rb:8
  [1m[36mActiveRecord::SchemaMigration Create (0.9ms)[0m  [1m[32mINSERT INTO "schema_migrations" ("version") VALUES ($1) RETURNING "version"[0m  [["version", "20200227220115"]]
  ↳ bin/rails:9
  [1m[35m (0.4ms)[0m  [1m[35mCOMMIT[0m
  ↳ bin/rails:9
  [1m[36mActiveRecord::InternalMetadata Load (0.4ms)[0m  [1m[34mSELECT  "ar_internal_metadata".* FROM "ar_internal_metadata" WHERE "ar_internal_metadata"."key" = $1 LIMIT $2[0m  [["key", "environment"], ["LIMIT", 1]]
  ↳ bin/rails:9
  [1m[35m (0.1ms)[0m  [1m[35mBEGIN[0m
  ↳ bin/rails:9
  [1m[36mActiveRecord::InternalMetadata Create (1.1ms)[0m  [1m[32mINSERT INTO "ar_internal_metadata" ("key", "value", "created_at", "updated_at") VALUES ($1, $2, $3, $4) RETURNING "key"[0m  [["key", "environment"], ["value", "development"], ["created_at", "2020-02-27 22:11:15.676252"], ["updated_at", "2020-02-27 22:11:15.676252"]]
  ↳ bin/rails:9
  [1m[35m (0.3ms)[0m  [1m[35mCOMMIT[0m
  ↳ bin/rails:9
  [1m[35m (0.2ms)[0m  [1m[34mSELECT pg_advisory_unlock(4042686100896465855)[0m
  ↳ bin/rails:9
  [1m[35m (0.3ms)[0m  [1m[34mSELECT "schema_migrations"."version" FROM "schema_migrations" ORDER BY "schema_migrations"."version" ASC[0m
  ↳ bin/rails:9
  [1m[35m (0.3ms)[0m  [1m[34mSELECT pg_try_advisory_lock(4042686100896465855)[0m
  ↳ bin/rails:9
  [1m[35m (0.9ms)[0m  [1m[34mSELECT "schema_migrations"."version" FROM "schema_migrations" ORDER BY "schema_migrations"."version" ASC[0m
  ↳ bin/rails:9
Migrating to CreatePolls (20200227221154)
  [1m[35m (0.2ms)[0m  [1m[35mBEGIN[0m
  ↳ bin/rails:9
  [1m[35m (6.0ms)[0m  [1m[35mCREATE TABLE "polls" ("id" bigserial primary key, "author_id" integer NOT NULL, "title" character varying NOT NULL, "created_at" timestamp NOT NULL, "updated_at" timestamp NOT NULL)[0m
  ↳ db/migrate/20200227221154_create_polls.rb:3
  [1m[35m (1.2ms)[0m  [1m[35mCREATE  INDEX  "index_polls_on_author_id" ON "polls"  ("author_id")[0m
  ↳ db/migrate/20200227221154_create_polls.rb:9
  [1m[36mActiveRecord::SchemaMigration Create (0.4ms)[0m  [1m[32mINSERT INTO "schema_migrations" ("version") VALUES ($1) RETURNING "version"[0m  [["version", "20200227221154"]]
  ↳ bin/rails:9
  [1m[35m (0.6ms)[0m  [1m[35mCOMMIT[0m
  ↳ bin/rails:9
  [1m[36mActiveRecord::InternalMetadata Load (1.0ms)[0m  [1m[34mSELECT  "ar_internal_metadata".* FROM "ar_internal_metadata" WHERE "ar_internal_metadata"."key" = $1 LIMIT $2[0m  [["key", "environment"], ["LIMIT", 1]]
  ↳ bin/rails:9
  [1m[35m (0.1ms)[0m  [1m[35mBEGIN[0m
  ↳ bin/rails:9
  [1m[35m (0.2ms)[0m  [1m[35mCOMMIT[0m
  ↳ bin/rails:9
  [1m[35m (0.3ms)[0m  [1m[34mSELECT pg_advisory_unlock(4042686100896465855)[0m
  ↳ bin/rails:9
  [1m[35m (0.3ms)[0m  [1m[34mSELECT "schema_migrations"."version" FROM "schema_migrations" ORDER BY "schema_migrations"."version" ASC[0m
  ↳ bin/rails:9
  [1m[35m (0.2ms)[0m  [1m[34mSELECT pg_try_advisory_lock(4042686100896465855)[0m
  ↳ bin/rails:9
  [1m[35m (1.0ms)[0m  [1m[34mSELECT "schema_migrations"."version" FROM "schema_migrations" ORDER BY "schema_migrations"."version" ASC[0m
  ↳ bin/rails:9
Migrating to CreateQuestions (20200227222341)
  [1m[35m (0.2ms)[0m  [1m[35mBEGIN[0m
  ↳ bin/rails:9
  [1m[35m (10.1ms)[0m  [1m[35mCREATE TABLE "questions" ("id" bigserial primary key, "text" character varying NOT NULL, "poll_id" integer NOT NULL, "created_at" timestamp NOT NULL, "updated_at" timestamp NOT NULL)[0m
  ↳ db/migrate/20200227222341_create_questions.rb:3
  [1m[35m (2.1ms)[0m  [1m[35mCREATE  INDEX  "index_questions_on_poll_id" ON "questions"  ("poll_id")[0m
  ↳ db/migrate/20200227222341_create_questions.rb:9
  [1m[36mActiveRecord::SchemaMigration Create (0.5ms)[0m  [1m[32mINSERT INTO "schema_migrations" ("version") VALUES ($1) RETURNING "version"[0m  [["version", "20200227222341"]]
  ↳ bin/rails:9
  [1m[35m (0.6ms)[0m  [1m[35mCOMMIT[0m
  ↳ bin/rails:9
  [1m[36mActiveRecord::InternalMetadata Load (0.8ms)[0m  [1m[34mSELECT  "ar_internal_metadata".* FROM "ar_internal_metadata" WHERE "ar_internal_metadata"."key" = $1 LIMIT $2[0m  [["key", "environment"], ["LIMIT", 1]]
  ↳ bin/rails:9
  [1m[35m (0.2ms)[0m  [1m[35mBEGIN[0m
  ↳ bin/rails:9
  [1m[35m (0.1ms)[0m  [1m[35mCOMMIT[0m
  ↳ bin/rails:9
  [1m[35m (0.2ms)[0m  [1m[34mSELECT pg_advisory_unlock(4042686100896465855)[0m
  ↳ bin/rails:9
  [1m[35m (0.7ms)[0m  [1m[34mSELECT "schema_migrations"."version" FROM "schema_migrations" ORDER BY "schema_migrations"."version" ASC[0m
  ↳ bin/rails:9
  [1m[35m (0.3ms)[0m  [1m[34mSELECT pg_try_advisory_lock(4042686100896465855)[0m
  ↳ bin/rails:9
  [1m[35m (1.4ms)[0m  [1m[34mSELECT "schema_migrations"."version" FROM "schema_migrations" ORDER BY "schema_migrations"."version" ASC[0m
  ↳ bin/rails:9
Migrating to CreateAnswerChoices (20200227232000)
  [1m[35m (0.2ms)[0m  [1m[35mBEGIN[0m
  ↳ bin/rails:9
  [1m[35m (8.1ms)[0m  [1m[35mCREATE TABLE "answer_choices" ("id" bigserial primary key, "question_id" integer NOT NULL, "text" character varying NOT NULL, "created_at" timestamp NOT NULL, "updated_at" timestamp NOT NULL)[0m
  ↳ db/migrate/20200227232000_create_answer_choices.rb:3
  [1m[35m (1.2ms)[0m  [1m[35mCREATE  INDEX  "index_answer_choices_on_question_id" ON "answer_choices"  ("question_id")[0m
  ↳ db/migrate/20200227232000_create_answer_choices.rb:9
  [1m[36mActiveRecord::SchemaMigration Create (0.4ms)[0m  [1m[32mINSERT INTO "schema_migrations" ("version") VALUES ($1) RETURNING "version"[0m  [["version", "20200227232000"]]
  ↳ bin/rails:9
  [1m[35m (0.5ms)[0m  [1m[35mCOMMIT[0m
  ↳ bin/rails:9
Migrating to CreateResponses (20200227232829)
  [1m[35m (0.3ms)[0m  [1m[35mBEGIN[0m
  ↳ bin/rails:9
  [1m[35m (2.8ms)[0m  [1m[35mCREATE TABLE "responses" ("id" bigserial primary key, "answer_choice_id" integer NOT NULL, "user_id" integer NOT NULL)[0m
  ↳ db/migrate/20200227232829_create_responses.rb:3
  [1m[35m (1.2ms)[0m  [1m[35mCREATE  INDEX  "index_responses_on_answer_choice_id" ON "responses"  ("answer_choice_id")[0m
  ↳ db/migrate/20200227232829_create_responses.rb:7
  [1m[35m (2.5ms)[0m  [1m[35mCREATE  INDEX  "index_responses_on_user_id" ON "responses"  ("user_id")[0m
  ↳ db/migrate/20200227232829_create_responses.rb:8
  [1m[36mActiveRecord::SchemaMigration Create (0.4ms)[0m  [1m[32mINSERT INTO "schema_migrations" ("version") VALUES ($1) RETURNING "version"[0m  [["version", "20200227232829"]]
  ↳ bin/rails:9
  [1m[35m (0.4ms)[0m  [1m[35mCOMMIT[0m
  ↳ bin/rails:9
  [1m[36mActiveRecord::InternalMetadata Load (0.7ms)[0m  [1m[34mSELECT  "ar_internal_metadata".* FROM "ar_internal_metadata" WHERE "ar_internal_metadata"."key" = $1 LIMIT $2[0m  [["key", "environment"], ["LIMIT", 1]]
  ↳ bin/rails:9
  [1m[35m (0.2ms)[0m  [1m[35mBEGIN[0m
  ↳ bin/rails:9
  [1m[35m (0.1ms)[0m  [1m[35mCOMMIT[0m
  ↳ bin/rails:9
  [1m[35m (0.2ms)[0m  [1m[34mSELECT pg_advisory_unlock(4042686100896465855)[0m
  ↳ bin/rails:9
  [1m[35m (1.1ms)[0m  [1m[34mSELECT "schema_migrations"."version" FROM "schema_migrations" ORDER BY "schema_migrations"."version" ASC[0m
  ↳ bin/rails:9
  [1m[35m (1.4ms)[0m  [1m[34mSELECT "schema_migrations"."version" FROM "schema_migrations" ORDER BY "schema_migrations"."version" ASC[0m
  ↳ bin/rails:9
  [1m[36mUser Load (1.5ms)[0m  [1m[34mSELECT "users".* FROM "users"[0m
  ↳ db/seeds.rb:8
  [1m[36mPoll Load (1.2ms)[0m  [1m[34mSELECT "polls".* FROM "polls"[0m
  ↳ db/seeds.rb:9
  [1m[35m (0.9ms)[0m  [1m[34mSELECT "schema_migrations"."version" FROM "schema_migrations" ORDER BY "schema_migrations"."version" ASC[0m
  ↳ bin/rails:9
  [1m[36mUser Load (0.6ms)[0m  [1m[34mSELECT "users".* FROM "users"[0m
  ↳ db/seeds.rb:8
  [1m[36mPoll Load (0.6ms)[0m  [1m[34mSELECT "polls".* FROM "polls"[0m
  ↳ db/seeds.rb:9
  [1m[36mQuestion Load (2.4ms)[0m  [1m[34mSELECT "questions".* FROM "questions"[0m
  ↳ db/seeds.rb:10
  [1m[36mAnswerChoice Load (1.1ms)[0m  [1m[34mSELECT "answer_choices".* FROM "answer_choices"[0m
  ↳ db/seeds.rb:11
  [1m[36mResponse Load (1.4ms)[0m  [1m[34mSELECT "responses".* FROM "responses"[0m
  ↳ db/seeds.rb:12
  [1m[35m (0.1ms)[0m  [1m[35mBEGIN[0m
  ↳ db/seeds.rb:13
  [1m[36mUser Exists (0.5ms)[0m  [1m[34mSELECT  1 AS one FROM "users" WHERE "users"."username" = $1 LIMIT $2[0m  [["username", "test"], ["LIMIT", 1]]
  ↳ db/seeds.rb:13
  [1m[36mUser Create (1.4ms)[0m  [1m[32mINSERT INTO "users" ("username", "created_at", "updated_at") VALUES ($1, $2, $3) RETURNING "id"[0m  [["username", "test"], ["created_at", "2020-02-28 00:04:51.522322"], ["updated_at", "2020-02-28 00:04:51.522322"]]
  ↳ db/seeds.rb:13
  [1m[35m (0.6ms)[0m  [1m[35mCOMMIT[0m
  ↳ db/seeds.rb:13
  [1m[35m (0.1ms)[0m  [1m[35mBEGIN[0m
  ↳ db/seeds.rb:14
  [1m[36mUser Exists (0.3ms)[0m  [1m[34mSELECT  1 AS one FROM "users" WHERE "users"."username" = $1 LIMIT $2[0m  [["username", "test2"], ["LIMIT", 1]]
  ↳ db/seeds.rb:14
  [1m[36mUser Create (0.3ms)[0m  [1m[32mINSERT INTO "users" ("username", "created_at", "updated_at") VALUES ($1, $2, $3) RETURNING "id"[0m  [["username", "test2"], ["created_at", "2020-02-28 00:04:51.527173"], ["updated_at", "2020-02-28 00:04:51.527173"]]
  ↳ db/seeds.rb:14
  [1m[35m (0.3ms)[0m  [1m[35mCOMMIT[0m
  ↳ db/seeds.rb:14
  [1m[35m (0.1ms)[0m  [1m[35mBEGIN[0m
  ↳ db/seeds.rb:15
  [1m[36mUser Exists (0.3ms)[0m  [1m[34mSELECT  1 AS one FROM "users" WHERE "users"."username" = $1 LIMIT $2[0m  [["username", "test3"], ["LIMIT", 1]]
  ↳ db/seeds.rb:15
  [1m[36mUser Create (0.3ms)[0m  [1m[32mINSERT INTO "users" ("username", "created_at", "updated_at") VALUES ($1, $2, $3) RETURNING "id"[0m  [["username", "test3"], ["created_at", "2020-02-28 00:04:51.530016"], ["updated_at", "2020-02-28 00:04:51.530016"]]
  ↳ db/seeds.rb:15
  [1m[35m (0.3ms)[0m  [1m[35mCOMMIT[0m
  ↳ db/seeds.rb:15
  [1m[35m (0.1ms)[0m  [1m[35mBEGIN[0m
  ↳ db/seeds.rb:16
  [1m[36mUser Exists (0.3ms)[0m  [1m[34mSELECT  1 AS one FROM "users" WHERE "users"."username" = $1 LIMIT $2[0m  [["username", "test4"], ["LIMIT", 1]]
  ↳ db/seeds.rb:16
  [1m[36mUser Create (0.3ms)[0m  [1m[32mINSERT INTO "users" ("username", "created_at", "updated_at") VALUES ($1, $2, $3) RETURNING "id"[0m  [["username", "test4"], ["created_at", "2020-02-28 00:04:51.532905"], ["updated_at", "2020-02-28 00:04:51.532905"]]
  ↳ db/seeds.rb:16
  [1m[35m (0.3ms)[0m  [1m[35mCOMMIT[0m
  ↳ db/seeds.rb:16
  [1m[35m (0.2ms)[0m  [1m[35mBEGIN[0m
  ↳ db/seeds.rb:17
  [1m[36mPoll Create (0.7ms)[0m  [1m[32mINSERT INTO "polls" ("author_id", "title", "created_at", "updated_at") VALUES ($1, $2, $3, $4) RETURNING "id"[0m  [["author_id", 1], ["title", "Food Poll"], ["created_at", "2020-02-28 00:04:51.545822"], ["updated_at", "2020-02-28 00:04:51.545822"]]
  ↳ db/seeds.rb:17
  [1m[35m (0.3ms)[0m  [1m[35mCOMMIT[0m
  ↳ db/seeds.rb:17
  [1m[35m (0.1ms)[0m  [1m[35mBEGIN[0m
  ↳ db/seeds.rb:18
  [1m[36mQuestion Create (0.7ms)[0m  [1m[32mINSERT INTO "questions" ("text", "poll_id", "created_at", "updated_at") VALUES ($1, $2, $3, $4) RETURNING "id"[0m  [["text", "What is your favorite place for food?"], ["poll_id", 1], ["created_at", "2020-02-28 00:04:51.555637"], ["updated_at", "2020-02-28 00:04:51.555637"]]
  ↳ db/seeds.rb:18
  [1m[35m (0.3ms)[0m  [1m[35mCOMMIT[0m
  ↳ db/seeds.rb:18
  [1m[35m (0.1ms)[0m  [1m[35mBEGIN[0m
  ↳ db/seeds.rb:19
  [1m[36mAnswerChoice Create (0.7ms)[0m  [1m[32mINSERT INTO "answer_choices" ("question_id", "text", "created_at", "updated_at") VALUES ($1, $2, $3, $4) RETURNING "id"[0m  [["question_id", 1], ["text", "In N Out"], ["created_at", "2020-02-28 00:04:51.565345"], ["updated_at", "2020-02-28 00:04:51.565345"]]
  ↳ db/seeds.rb:19
  [1m[35m (0.3ms)[0m  [1m[35mCOMMIT[0m
  ↳ db/seeds.rb:19
  [1m[35m (0.1ms)[0m  [1m[35mBEGIN[0m
  ↳ db/seeds.rb:20
  [1m[36mAnswerChoice Create (0.3ms)[0m  [1m[32mINSERT INTO "answer_choices" ("question_id", "text", "created_at", "updated_at") VALUES ($1, $2, $3, $4) RETURNING "id"[0m  [["question_id", 1], ["text", "Pizza Hut"], ["created_at", "2020-02-28 00:04:51.568029"], ["updated_at", "2020-02-28 00:04:51.568029"]]
  ↳ db/seeds.rb:20
  [1m[35m (0.3ms)[0m  [1m[35mCOMMIT[0m
  ↳ db/seeds.rb:20
  [1m[35m (0.1ms)[0m  [1m[35mBEGIN[0m
  ↳ db/seeds.rb:21
  [1m[36mAnswerChoice Create (0.3ms)[0m  [1m[32mINSERT INTO "answer_choices" ("question_id", "text", "created_at", "updated_at") VALUES ($1, $2, $3, $4) RETURNING "id"[0m  [["question_id", 1], ["text", "Any Michelin 3 star"], ["created_at", "2020-02-28 00:04:51.570195"], ["updated_at", "2020-02-28 00:04:51.570195"]]
  ↳ db/seeds.rb:21
  [1m[35m (0.3ms)[0m  [1m[35mCOMMIT[0m
  ↳ db/seeds.rb:21
  [1m[35m (0.1ms)[0m  [1m[35mBEGIN[0m
  ↳ db/seeds.rb:22
  [1m[36mAnswerChoice Create (0.3ms)[0m  [1m[32mINSERT INTO "answer_choices" ("question_id", "text", "created_at", "updated_at") VALUES ($1, $2, $3, $4) RETURNING "id"[0m  [["question_id", 1], ["text", "Other"], ["created_at", "2020-02-28 00:04:51.572315"], ["updated_at", "2020-02-28 00:04:51.572315"]]
  ↳ db/seeds.rb:22
  [1m[35m (0.3ms)[0m  [1m[35mCOMMIT[0m
  ↳ db/seeds.rb:22
  [1m[35m (0.1ms)[0m  [1m[35mBEGIN[0m
  ↳ db/seeds.rb:23
  [1m[36mQuestion Create (0.3ms)[0m  [1m[32mINSERT INTO "questions" ("text", "poll_id", "created_at", "updated_at") VALUES ($1, $2, $3, $4) RETURNING "id"[0m  [["text", "Favorite Ice Cream"], ["poll_id", 1], ["created_at", "2020-02-28 00:04:51.574470"], ["updated_at", "2020-02-28 00:04:51.574470"]]
  ↳ db/seeds.rb:23
  [1m[35m (0.3ms)[0m  [1m[35mCOMMIT[0m
  ↳ db/seeds.rb:23
  [1m[35m (0.1ms)[0m  [1m[35mBEGIN[0m
  ↳ db/seeds.rb:24
  [1m[36mAnswerChoice Create (0.3ms)[0m  [1m[32mINSERT INTO "answer_choices" ("question_id", "text", "created_at", "updated_at") VALUES ($1, $2, $3, $4) RETURNING "id"[0m  [["question_id", 2], ["text", "Ben and Jerrys"], ["created_at", "2020-02-28 00:04:51.576758"], ["updated_at", "2020-02-28 00:04:51.576758"]]
  ↳ db/seeds.rb:24
  [1m[35m (0.3ms)[0m  [1m[35mCOMMIT[0m
  ↳ db/seeds.rb:24
  [1m[35m (0.1ms)[0m  [1m[35mBEGIN[0m
  ↳ db/seeds.rb:25
  [1m[36mAnswerChoice Create (0.3ms)[0m  [1m[32mINSERT INTO "answer_choices" ("question_id", "text", "created_at", "updated_at") VALUES ($1, $2, $3, $4) RETURNING "id"[0m  [["question_id", 2], ["text", "Madison Ice Cream"], ["created_at", "2020-02-28 00:04:51.578931"], ["updated_at", "2020-02-28 00:04:51.578931"]]
  ↳ db/seeds.rb:25
  [1m[35m (0.3ms)[0m  [1m[35mCOMMIT[0m
  ↳ db/seeds.rb:25
  [1m[35m (0.1ms)[0m  [1m[35mBEGIN[0m
  ↳ db/seeds.rb:26
  [1m[36mAnswerChoice Create (0.3ms)[0m  [1m[32mINSERT INTO "answer_choices" ("question_id", "text", "created_at", "updated_at") VALUES ($1, $2, $3, $4) RETURNING "id"[0m  [["question_id", 2], ["text", "I Like Frozen Yogurt More"], ["created_at", "2020-02-28 00:04:51.581063"], ["updated_at", "2020-02-28 00:04:51.581063"]]
  ↳ db/seeds.rb:26
  [1m[35m (0.3ms)[0m  [1m[35mCOMMIT[0m
  ↳ db/seeds.rb:26
  [1m[35m (1.0ms)[0m  [1m[34mSELECT "schema_migrations"."version" FROM "schema_migrations" ORDER BY "schema_migrations"."version" ASC[0m
  ↳ bin/rails:9
  [1m[36mUser Load (0.7ms)[0m  [1m[34mSELECT "users".* FROM "users"[0m
  ↳ db/seeds.rb:8
  [1m[35m (0.2ms)[0m  [1m[35mBEGIN[0m
  ↳ db/seeds.rb:8
  [1m[36mUser Destroy (2.3ms)[0m  [1m[31mDELETE FROM "users" WHERE "users"."id" = $1[0m  [["id", 1]]
  ↳ db/seeds.rb:8
  [1m[35m (0.4ms)[0m  [1m[35mCOMMIT[0m
  ↳ db/seeds.rb:8
  [1m[35m (0.1ms)[0m  [1m[35mBEGIN[0m
  ↳ db/seeds.rb:8
  [1m[36mUser Destroy (0.3ms)[0m  [1m[31mDELETE FROM "users" WHERE "users"."id" = $1[0m  [["id", 2]]
  ↳ db/seeds.rb:8
  [1m[35m (0.3ms)[0m  [1m[35mCOMMIT[0m
  ↳ db/seeds.rb:8
  [1m[35m (0.1ms)[0m  [1m[35mBEGIN[0m
  ↳ db/seeds.rb:8
  [1m[36mUser Destroy (0.3ms)[0m  [1m[31mDELETE FROM "users" WHERE "users"."id" = $1[0m  [["id", 3]]
  ↳ db/seeds.rb:8
  [1m[35m (0.3ms)[0m  [1m[35mCOMMIT[0m
  ↳ db/seeds.rb:8
  [1m[35m (0.1ms)[0m  [1m[35mBEGIN[0m
  ↳ db/seeds.rb:8
  [1m[36mUser Destroy (0.3ms)[0m  [1m[31mDELETE FROM "users" WHERE "users"."id" = $1[0m  [["id", 4]]
  ↳ db/seeds.rb:8
  [1m[35m (0.3ms)[0m  [1m[35mCOMMIT[0m
  ↳ db/seeds.rb:8
  [1m[36mPoll Load (0.6ms)[0m  [1m[34mSELECT "polls".* FROM "polls"[0m
  ↳ db/seeds.rb:9
  [1m[35m (0.1ms)[0m  [1m[35mBEGIN[0m
  ↳ db/seeds.rb:9
  [1m[36mPoll Destroy (0.3ms)[0m  [1m[31mDELETE FROM "polls" WHERE "polls"."id" = $1[0m  [["id", 1]]
  ↳ db/seeds.rb:9
  [1m[35m (0.3ms)[0m  [1m[35mCOMMIT[0m
  ↳ db/seeds.rb:9
  [1m[36mQuestion Load (0.6ms)[0m  [1m[34mSELECT "questions".* FROM "questions"[0m
  ↳ db/seeds.rb:10
  [1m[35m (0.1ms)[0m  [1m[35mBEGIN[0m
  ↳ db/seeds.rb:10
  [1m[36mQuestion Destroy (0.3ms)[0m  [1m[31mDELETE FROM "questions" WHERE "questions"."id" = $1[0m  [["id", 1]]
  ↳ db/seeds.rb:10
  [1m[35m (0.3ms)[0m  [1m[35mCOMMIT[0m
  ↳ db/seeds.rb:10
  [1m[35m (0.1ms)[0m  [1m[35mBEGIN[0m
  ↳ db/seeds.rb:10
  [1m[36mQuestion Destroy (0.3ms)[0m  [1m[31mDELETE FROM "questions" WHERE "questions"."id" = $1[0m  [["id", 2]]
  ↳ db/seeds.rb:10
  [1m[35m (0.3ms)[0m  [1m[35mCOMMIT[0m
  ↳ db/seeds.rb:10
  [1m[36mAnswerChoice Load (0.6ms)[0m  [1m[34mSELECT "answer_choices".* FROM "answer_choices"[0m
  ↳ db/seeds.rb:11
  [1m[35m (0.1ms)[0m  [1m[35mBEGIN[0m
  ↳ db/seeds.rb:11
  [1m[36mAnswerChoice Destroy (0.3ms)[0m  [1m[31mDELETE FROM "answer_choices" WHERE "answer_choices"."id" = $1[0m  [["id", 1]]
  ↳ db/seeds.rb:11
  [1m[35m (0.3ms)[0m  [1m[35mCOMMIT[0m
  ↳ db/seeds.rb:11
  [1m[35m (0.1ms)[0m  [1m[35mBEGIN[0m
  ↳ db/seeds.rb:11
  [1m[36mAnswerChoice Destroy (0.3ms)[0m  [1m[31mDELETE FROM "answer_choices" WHERE "answer_choices"."id" = $1[0m  [["id", 2]]
  ↳ db/seeds.rb:11
  [1m[35m (0.3ms)[0m  [1m[35mCOMMIT[0m
  ↳ db/seeds.rb:11
  [1m[35m (0.1ms)[0m  [1m[35mBEGIN[0m
  ↳ db/seeds.rb:11
  [1m[36mAnswerChoice Destroy (0.3ms)[0m  [1m[31mDELETE FROM "answer_choices" WHERE "answer_choices"."id" = $1[0m  [["id", 3]]
  ↳ db/seeds.rb:11
  [1m[35m (0.3ms)[0m  [1m[35mCOMMIT[0m
  ↳ db/seeds.rb:11
  [1m[35m (0.1ms)[0m  [1m[35mBEGIN[0m
  ↳ db/seeds.rb:11
  [1m[36mAnswerChoice Destroy (0.3ms)[0m  [1m[31mDELETE FROM "answer_choices" WHERE "answer_choices"."id" = $1[0m  [["id", 4]]
  ↳ db/seeds.rb:11
  [1m[35m (0.3ms)[0m  [1m[35mCOMMIT[0m
  ↳ db/seeds.rb:11
  [1m[35m (0.1ms)[0m  [1m[35mBEGIN[0m
  ↳ db/seeds.rb:11
  [1m[36mAnswerChoice Destroy (0.3ms)[0m  [1m[31mDELETE FROM "answer_choices" WHERE "answer_choices"."id" = $1[0m  [["id", 5]]
  ↳ db/seeds.rb:11
  [1m[35m (0.3ms)[0m  [1m[35mCOMMIT[0m
  ↳ db/seeds.rb:11
  [1m[35m (0.1ms)[0m  [1m[35mBEGIN[0m
  ↳ db/seeds.rb:11
  [1m[36mAnswerChoice Destroy (0.3ms)[0m  [1m[31mDELETE FROM "answer_choices" WHERE "answer_choices"."id" = $1[0m  [["id", 6]]
  ↳ db/seeds.rb:11
  [1m[35m (0.3ms)[0m  [1m[35mCOMMIT[0m
  ↳ db/seeds.rb:11
  [1m[35m (0.1ms)[0m  [1m[35mBEGIN[0m
  ↳ db/seeds.rb:11
  [1m[36mAnswerChoice Destroy (0.3ms)[0m  [1m[31mDELETE FROM "answer_choices" WHERE "answer_choices"."id" = $1[0m  [["id", 7]]
  ↳ db/seeds.rb:11
  [1m[35m (0.3ms)[0m  [1m[35mCOMMIT[0m
  ↳ db/seeds.rb:11
  [1m[36mResponse Load (0.6ms)[0m  [1m[34mSELECT "responses".* FROM "responses"[0m
  ↳ db/seeds.rb:12
  [1m[35m (0.1ms)[0m  [1m[35mBEGIN[0m
  ↳ db/seeds.rb:13
  [1m[36mUser Exists (0.5ms)[0m  [1m[34mSELECT  1 AS one FROM "users" WHERE "users"."username" = $1 LIMIT $2[0m  [["username", "test"], ["LIMIT", 1]]
  ↳ db/seeds.rb:13
  [1m[36mUser Create (0.5ms)[0m  [1m[32mINSERT INTO "users" ("username", "created_at", "updated_at") VALUES ($1, $2, $3) RETURNING "id"[0m  [["username", "test"], ["created_at", "2020-02-28 00:06:33.102628"], ["updated_at", "2020-02-28 00:06:33.102628"]]
  ↳ db/seeds.rb:13
  [1m[35m (0.4ms)[0m  [1m[35mCOMMIT[0m
  ↳ db/seeds.rb:13
  [1m[35m (0.2ms)[0m  [1m[35mBEGIN[0m
  ↳ db/seeds.rb:14
  [1m[36mUser Exists (0.4ms)[0m  [1m[34mSELECT  1 AS one FROM "users" WHERE "users"."username" = $1 LIMIT $2[0m  [["username", "test2"], ["LIMIT", 1]]
  ↳ db/seeds.rb:14
  [1m[36mUser Create (0.3ms)[0m  [1m[32mINSERT INTO "users" ("username", "created_at", "updated_at") VALUES ($1, $2, $3) RETURNING "id"[0m  [["username", "test2"], ["created_at", "2020-02-28 00:06:33.106912"], ["updated_at", "2020-02-28 00:06:33.106912"]]
  ↳ db/seeds.rb:14
  [1m[35m (0.4ms)[0m  [1m[35mCOMMIT[0m
  ↳ db/seeds.rb:14
  [1m[35m (0.2ms)[0m  [1m[35mBEGIN[0m
  ↳ db/seeds.rb:15
  [1m[36mUser Exists (0.5ms)[0m  [1m[34mSELECT  1 AS one FROM "users" WHERE "users"."username" = $1 LIMIT $2[0m  [["username", "test3"], ["LIMIT", 1]]
  ↳ db/seeds.rb:15
  [1m[36mUser Create (0.3ms)[0m  [1m[32mINSERT INTO "users" ("username", "created_at", "updated_at") VALUES ($1, $2, $3) RETURNING "id"[0m  [["username", "test3"], ["created_at", "2020-02-28 00:06:33.111024"], ["updated_at", "2020-02-28 00:06:33.111024"]]
  ↳ db/seeds.rb:15
  [1m[35m (0.3ms)[0m  [1m[35mCOMMIT[0m
  ↳ db/seeds.rb:15
  [1m[35m (0.1ms)[0m  [1m[35mBEGIN[0m
  ↳ db/seeds.rb:16
  [1m[36mUser Exists (0.3ms)[0m  [1m[34mSELECT  1 AS one FROM "users" WHERE "users"."username" = $1 LIMIT $2[0m  [["username", "test4"], ["LIMIT", 1]]
  ↳ db/seeds.rb:16
  [1m[36mUser Create (0.3ms)[0m  [1m[32mINSERT INTO "users" ("username", "created_at", "updated_at") VALUES ($1, $2, $3) RETURNING "id"[0m  [["username", "test4"], ["created_at", "2020-02-28 00:06:33.114025"], ["updated_at", "2020-02-28 00:06:33.114025"]]
  ↳ db/seeds.rb:16
  [1m[35m (0.3ms)[0m  [1m[35mCOMMIT[0m
  ↳ db/seeds.rb:16
  [1m[35m (0.1ms)[0m  [1m[35mBEGIN[0m
  ↳ db/seeds.rb:17
  [1m[36mPoll Create (0.4ms)[0m  [1m[32mINSERT INTO "polls" ("author_id", "title", "created_at", "updated_at") VALUES ($1, $2, $3, $4) RETURNING "id"[0m  [["author_id", 5], ["title", "Food Poll"], ["created_at", "2020-02-28 00:06:33.119816"], ["updated_at", "2020-02-28 00:06:33.119816"]]
  ↳ db/seeds.rb:17
  [1m[35m (0.3ms)[0m  [1m[35mCOMMIT[0m
  ↳ db/seeds.rb:17
  [1m[35m (0.1ms)[0m  [1m[35mBEGIN[0m
  ↳ db/seeds.rb:18
  [1m[36mQuestion Create (0.4ms)[0m  [1m[32mINSERT INTO "questions" ("text", "poll_id", "created_at", "updated_at") VALUES ($1, $2, $3, $4) RETURNING "id"[0m  [["text", "What is your favorite place for food?"], ["poll_id", 2], ["created_at", "2020-02-28 00:06:33.122912"], ["updated_at", "2020-02-28 00:06:33.122912"]]
  ↳ db/seeds.rb:18
  [1m[35m (0.3ms)[0m  [1m[35mCOMMIT[0m
  ↳ db/seeds.rb:18
  [1m[35m (0.1ms)[0m  [1m[35mBEGIN[0m
  ↳ db/seeds.rb:19
  [1m[36mAnswerChoice Create (0.4ms)[0m  [1m[32mINSERT INTO "answer_choices" ("question_id", "text", "created_at", "updated_at") VALUES ($1, $2, $3, $4) RETURNING "id"[0m  [["question_id", 3], ["text", "In N Out"], ["created_at", "2020-02-28 00:06:33.126077"], ["updated_at", "2020-02-28 00:06:33.126077"]]
  ↳ db/seeds.rb:19
  [1m[35m (0.3ms)[0m  [1m[35mCOMMIT[0m
  ↳ db/seeds.rb:19
  [1m[35m (0.1ms)[0m  [1m[35mBEGIN[0m
  ↳ db/seeds.rb:20
  [1m[36mAnswerChoice Create (0.3ms)[0m  [1m[32mINSERT INTO "answer_choices" ("question_id", "text", "created_at", "updated_at") VALUES ($1, $2, $3, $4) RETURNING "id"[0m  [["question_id", 3], ["text", "Pizza Hut"], ["created_at", "2020-02-28 00:06:33.128347"], ["updated_at", "2020-02-28 00:06:33.128347"]]
  ↳ db/seeds.rb:20
  [1m[35m (0.3ms)[0m  [1m[35mCOMMIT[0m
  ↳ db/seeds.rb:20
  [1m[35m (0.1ms)[0m  [1m[35mBEGIN[0m
  ↳ db/seeds.rb:21
  [1m[36mAnswerChoice Create (0.3ms)[0m  [1m[32mINSERT INTO "answer_choices" ("question_id", "text", "created_at", "updated_at") VALUES ($1, $2, $3, $4) RETURNING "id"[0m  [["question_id", 3], ["text", "Any Michelin 3 star"], ["created_at", "2020-02-28 00:06:33.130433"], ["updated_at", "2020-02-28 00:06:33.130433"]]
  ↳ db/seeds.rb:21
  [1m[35m (0.3ms)[0m  [1m[35mCOMMIT[0m
  ↳ db/seeds.rb:21
  [1m[35m (0.1ms)[0m  [1m[35mBEGIN[0m
  ↳ db/seeds.rb:22
  [1m[36mAnswerChoice Create (0.3ms)[0m  [1m[32mINSERT INTO "answer_choices" ("question_id", "text", "created_at", "updated_at") VALUES ($1, $2, $3, $4) RETURNING "id"[0m  [["question_id", 3], ["text", "Other"], ["created_at", "2020-02-28 00:06:33.132531"], ["updated_at", "2020-02-28 00:06:33.132531"]]
  ↳ db/seeds.rb:22
  [1m[35m (0.3ms)[0m  [1m[35mCOMMIT[0m
  ↳ db/seeds.rb:22
  [1m[35m (0.1ms)[0m  [1m[35mBEGIN[0m
  ↳ db/seeds.rb:23
  [1m[36mQuestion Create (0.3ms)[0m  [1m[32mINSERT INTO "questions" ("text", "poll_id", "created_at", "updated_at") VALUES ($1, $2, $3, $4) RETURNING "id"[0m  [["text", "Favorite Ice Cream"], ["poll_id", 2], ["created_at", "2020-02-28 00:06:33.134733"], ["updated_at", "2020-02-28 00:06:33.134733"]]
  ↳ db/seeds.rb:23
  [1m[35m (0.3ms)[0m  [1m[35mCOMMIT[0m
  ↳ db/seeds.rb:23
  [1m[35m (0.1ms)[0m  [1m[35mBEGIN[0m
  ↳ db/seeds.rb:24
  [1m[36mAnswerChoice Create (0.3ms)[0m  [1m[32mINSERT INTO "answer_choices" ("question_id", "text", "created_at", "updated_at") VALUES ($1, $2, $3, $4) RETURNING "id"[0m  [["question_id", 4], ["text", "Ben and Jerrys"], ["created_at", "2020-02-28 00:06:33.137202"], ["updated_at", "2020-02-28 00:06:33.137202"]]
  ↳ db/seeds.rb:24
  [1m[35m (0.3ms)[0m  [1m[35mCOMMIT[0m
  ↳ db/seeds.rb:24
  [1m[35m (0.1ms)[0m  [1m[35mBEGIN[0m
  ↳ db/seeds.rb:25
  [1m[36mAnswerChoice Create (0.3ms)[0m  [1m[32mINSERT INTO "answer_choices" ("question_id", "text", "created_at", "updated_at") VALUES ($1, $2, $3, $4) RETURNING "id"[0m  [["question_id", 4], ["text", "Madison Ice Cream"], ["created_at", "2020-02-28 00:06:33.139445"], ["updated_at", "2020-02-28 00:06:33.139445"]]
  ↳ db/seeds.rb:25
  [1m[35m (0.3ms)[0m  [1m[35mCOMMIT[0m
  ↳ db/seeds.rb:25
  [1m[35m (0.1ms)[0m  [1m[35mBEGIN[0m
  ↳ db/seeds.rb:26
  [1m[36mAnswerChoice Create (0.3ms)[0m  [1m[32mINSERT INTO "answer_choices" ("question_id", "text", "created_at", "updated_at") VALUES ($1, $2, $3, $4) RETURNING "id"[0m  [["question_id", 4], ["text", "I Like Frozen Yogurt More"], ["created_at", "2020-02-28 00:06:33.141576"], ["updated_at", "2020-02-28 00:06:33.141576"]]
  ↳ db/seeds.rb:26
  [1m[35m (0.3ms)[0m  [1m[35mCOMMIT[0m
  ↳ db/seeds.rb:26
  [1m[35m (0.2ms)[0m  [1m[35mBEGIN[0m
  ↳ db/seeds.rb:27
  [1m[36mUser Load (0.3ms)[0m  [1m[34mSELECT  "users".* FROM "users" WHERE "users"."id" = $1 LIMIT $2[0m  [["id", 5], ["LIMIT", 1]]
  ↳ db/seeds.rb:27
  [1m[36mResponse Create (0.7ms)[0m  [1m[32mINSERT INTO "responses" ("answer_choice_id", "user_id") VALUES ($1, $2) RETURNING "id"[0m  [["answer_choice_id", 8], ["user_id", 5]]
  ↳ db/seeds.rb:27
  [1m[35m (0.3ms)[0m  [1m[35mCOMMIT[0m
  ↳ db/seeds.rb:27
  [1m[35m (0.1ms)[0m  [1m[35mBEGIN[0m
  ↳ db/seeds.rb:28
  [1m[36mUser Load (0.3ms)[0m  [1m[34mSELECT  "users".* FROM "users" WHERE "users"."id" = $1 LIMIT $2[0m  [["id", 6], ["LIMIT", 1]]
  ↳ db/seeds.rb:28
  [1m[36mResponse Create (0.3ms)[0m  [1m[32mINSERT INTO "responses" ("answer_choice_id", "user_id") VALUES ($1, $2) RETURNING "id"[0m  [["answer_choice_id", 9], ["user_id", 6]]
  ↳ db/seeds.rb:28
  [1m[35m (0.3ms)[0m  [1m[35mCOMMIT[0m
  ↳ db/seeds.rb:28
  [1m[35m (0.1ms)[0m  [1m[35mBEGIN[0m
  ↳ db/seeds.rb:29
  [1m[36mUser Load (0.2ms)[0m  [1m[34mSELECT  "users".* FROM "users" WHERE "users"."id" = $1 LIMIT $2[0m  [["id", 7], ["LIMIT", 1]]
  ↳ db/seeds.rb:29
  [1m[36mResponse Create (0.3ms)[0m  [1m[32mINSERT INTO "responses" ("answer_choice_id", "user_id") VALUES ($1, $2) RETURNING "id"[0m  [["answer_choice_id", 10], ["user_id", 7]]
  ↳ db/seeds.rb:29
  [1m[35m (0.3ms)[0m  [1m[35mCOMMIT[0m
  ↳ db/seeds.rb:29
  [1m[35m (0.1ms)[0m  [1m[35mBEGIN[0m
  ↳ db/seeds.rb:30
  [1m[36mUser Load (0.3ms)[0m  [1m[34mSELECT  "users".* FROM "users" WHERE "users"."id" = $1 LIMIT $2[0m  [["id", 8], ["LIMIT", 1]]
  ↳ db/seeds.rb:30
  [1m[36mResponse Create (0.3ms)[0m  [1m[32mINSERT INTO "responses" ("answer_choice_id", "user_id") VALUES ($1, $2) RETURNING "id"[0m  [["answer_choice_id", 11], ["user_id", 8]]
  ↳ db/seeds.rb:30
  [1m[35m (0.3ms)[0m  [1m[35mCOMMIT[0m
  ↳ db/seeds.rb:30
